<?xml version="1.0" encoding="UTF-8"?>
<!-- Generated by org.testng.reporters.JUnitXMLReporter -->
<testsuite hostname="admin-PC" ignored="0" name="Test" tests="4" failures="0" timestamp="2020-03-28T02:45:33 IST" time="0.105" errors="0">
  <testcase name="IOSApps" time="0.027" classname="qaclickacademy.AppiumTest"/>
  <testcase name="NativeAppAndroid" time="0.0" classname="qaclickacademy.AppiumTest"/>
  <testcase name="DeleteTwitter" time="0.0" classname="qaclickacademy.RestAPITest"/>
  <testcase name="JIRAPost" time="0.0" classname="qaclickacademy.RestAPITest"/>
</testsuite> <!-- Test -->
