<?xml version="1.0" encoding="UTF-8"?>
<testng-results skipped="0" failed="0" ignored="0" total="4" passed="4">
  <reporter-output>
  </reporter-output>
  <suite name="Suite" duration-ms="105" started-at="2020-03-28T02:45:32 IST" finished-at="2020-03-28T02:45:32 IST">
    <groups>
    </groups>
    <test name="Test" duration-ms="105" started-at="2020-03-28T02:45:32 IST" finished-at="2020-03-28T02:45:32 IST">
      <class name="qaclickacademy.AppiumTest">
        <test-method status="PASS" signature="IOSApps()[pri:0, instance:qaclickacademy.AppiumTest@2f0a87b3]" name="IOSApps" duration-ms="27" started-at="2020-03-28T02:45:32 IST" finished-at="2020-03-28T02:45:32 IST">
          <reporter-output>
          </reporter-output>
        </test-method> <!-- IOSApps -->
        <test-method status="PASS" signature="NativeAppAndroid()[pri:0, instance:qaclickacademy.AppiumTest@2f0a87b3]" name="NativeAppAndroid" duration-ms="0" started-at="2020-03-28T02:45:32 IST" finished-at="2020-03-28T02:45:32 IST">
          <reporter-output>
          </reporter-output>
        </test-method> <!-- NativeAppAndroid -->
      </class> <!-- qaclickacademy.AppiumTest -->
      <class name="qaclickacademy.RestAPITest">
        <test-method status="PASS" signature="DeleteTwitter()[pri:0, instance:qaclickacademy.RestAPITest@319b92f3]" name="DeleteTwitter" duration-ms="0" started-at="2020-03-28T02:45:32 IST" finished-at="2020-03-28T02:45:32 IST">
          <reporter-output>
          </reporter-output>
        </test-method> <!-- DeleteTwitter -->
        <test-method status="PASS" signature="JIRAPost()[pri:0, instance:qaclickacademy.RestAPITest@319b92f3]" name="JIRAPost" duration-ms="0" started-at="2020-03-28T02:45:32 IST" finished-at="2020-03-28T02:45:32 IST">
          <reporter-output>
          </reporter-output>
        </test-method> <!-- JIRAPost -->
      </class> <!-- qaclickacademy.RestAPITest -->
    </test> <!-- Test -->
  </suite> <!-- Suite -->
</testng-results>
